nohup: ignoring input
[INFO] Scanning for projects...
[INFO] 
[INFO] -----------------< com.yourapp.ecommerce:ecommerceApi >-----------------
[INFO] Building ecommerceApp 0.0.1-SNAPSHOT
[INFO]   from pom.xml
[INFO] --------------------------------[ jar ]---------------------------------
[INFO] 
[INFO] >>> spring-boot:3.3.0:run (default-cli) > test-compile @ ecommerceApi >>>
[INFO] 
[INFO] --- resources:3.3.1:resources (default-resources) @ ecommerceApi ---
[INFO] Copying 1 resource from src/main/resources to target/classes
[INFO] Copying 0 resource from src/main/resources to target/classes
[INFO] 
[INFO] --- compiler:3.13.0:compile (default-compile) @ ecommerceApi ---
[INFO] Nothing to compile - all classes are up to date.
[INFO] 
[INFO] --- resources:3.3.1:testResources (default-testResources) @ ecommerceApi ---
[INFO] skip non existing resourceDirectory /home/prashant_dhruw/Workspace/src/test/resources
[INFO] 
[INFO] --- compiler:3.13.0:testCompile (default-testCompile) @ ecommerceApi ---
[INFO] Nothing to compile - all classes are up to date.
[INFO] 
[INFO] <<< spring-boot:3.3.0:run (default-cli) < test-compile @ ecommerceApi <<<
[INFO] 
[INFO] 
[INFO] --- spring-boot:3.3.0:run (default-cli) @ ecommerceApi ---
[INFO] Attaching agents: []
  .   ____          _            __ _ _
 /\\ / ___'_ __ _ _(_)_ __  __ _ \ \ \ \
( ( )\___ | '_ | '_| | '_ \/ _` | \ \ \ \
 \\/  ___)| |_)| | | | | || (_| |  ) ) ) )
  '  |____| .__|_| |_|_| |_\__, | / / / /
 =========|_|==============|___/=/_/_/_/

 :: Spring Boot ::                (v3.3.0)

2025-04-12T06:19:05.835Z  INFO 32382 --- [ecommerceApp] [           main] c.y.ecommerce.EcommerceAppApplication    : Starting EcommerceAppApplication using Java 21.0.6 with PID 32382 (/home/prashant_dhruw/Workspace/target/classes started by prashant_dhruw in /home/prashant_dhruw/Workspace)
2025-04-12T06:19:05.837Z  INFO 32382 --- [ecommerceApp] [           main] c.y.ecommerce.EcommerceAppApplication    : No active profile set, falling back to 1 default profile: "default"
2025-04-12T06:19:06.436Z  INFO 32382 --- [ecommerceApp] [           main] .s.d.r.c.RepositoryConfigurationDelegate : Bootstrapping Spring Data JPA repositories in DEFAULT mode.
2025-04-12T06:19:06.489Z  INFO 32382 --- [ecommerceApp] [           main] .s.d.r.c.RepositoryConfigurationDelegate : Finished Spring Data repository scanning in 46 ms. Found 7 JPA repository interfaces.
2025-04-12T06:19:06.881Z  INFO 32382 --- [ecommerceApp] [           main] o.s.b.w.embedded.tomcat.TomcatWebServer  : Tomcat initialized with port 8080 (http)
2025-04-12T06:19:06.893Z  INFO 32382 --- [ecommerceApp] [           main] o.apache.catalina.core.StandardService   : Starting service [Tomcat]
2025-04-12T06:19:06.893Z  INFO 32382 --- [ecommerceApp] [           main] o.apache.catalina.core.StandardEngine    : Starting Servlet engine: [Apache Tomcat/10.1.24]
2025-04-12T06:19:06.937Z  INFO 32382 --- [ecommerceApp] [           main] o.a.c.c.C.[Tomcat].[localhost].[/]       : Initializing Spring embedded WebApplicationContext
2025-04-12T06:19:06.939Z  INFO 32382 --- [ecommerceApp] [           main] w.s.c.ServletWebServerApplicationContext : Root WebApplicationContext: initialization completed in 1066 ms
2025-04-12T06:19:07.047Z  INFO 32382 --- [ecommerceApp] [           main] o.hibernate.jpa.internal.util.LogHelper  : HHH000204: Processing PersistenceUnitInfo [name: default]
2025-04-12T06:19:07.107Z  INFO 32382 --- [ecommerceApp] [           main] org.hibernate.Version                    : HHH000412: Hibernate ORM core version 6.5.2.Final
2025-04-12T06:19:07.135Z  INFO 32382 --- [ecommerceApp] [           main] o.h.c.internal.RegionFactoryInitiator    : HHH000026: Second-level cache disabled
2025-04-12T06:19:07.392Z  INFO 32382 --- [ecommerceApp] [           main] o.s.o.j.p.SpringPersistenceUnitInfo      : No LoadTimeWeaver setup: ignoring JPA class transformer
2025-04-12T06:19:07.414Z  INFO 32382 --- [ecommerceApp] [           main] com.zaxxer.hikari.HikariDataSource       : HikariPool-1 - Starting...
2025-04-12T06:19:07.631Z  INFO 32382 --- [ecommerceApp] [           main] com.zaxxer.hikari.pool.HikariPool        : HikariPool-1 - Added connection org.postgresql.jdbc.PgConnection@646e6d07
2025-04-12T06:19:07.632Z  INFO 32382 --- [ecommerceApp] [           main] com.zaxxer.hikari.HikariDataSource       : HikariPool-1 - Start completed.
2025-04-12T06:19:07.659Z  WARN 32382 --- [ecommerceApp] [           main] org.hibernate.orm.deprecation            : HHH90000025: PostgreSQLDialect does not need to be specified explicitly using 'hibernate.dialect' (remove the property setting and it will be selected by default)
2025-04-12T06:19:08.439Z  INFO 32382 --- [ecommerceApp] [           main] o.h.e.t.j.p.i.JtaPlatformInitiator       : HHH000489: No JTA platform available (set 'hibernate.transaction.jta.platform' to enable JTA platform integration)
2025-04-12T06:19:08.538Z  INFO 32382 --- [ecommerceApp] [           main] j.LocalContainerEntityManagerFactoryBean : Initialized JPA EntityManagerFactory for persistence unit 'default'
2025-04-12T06:19:08.835Z  INFO 32382 --- [ecommerceApp] [           main] o.s.d.j.r.query.QueryEnhancerFactory     : Hibernate is in classpath; If applicable, HQL parser will be used.
2025-04-12T06:19:09.149Z  INFO 32382 --- [ecommerceApp] [           main] r$InitializeUserDetailsManagerConfigurer : Global AuthenticationManager configured with UserDetailsService bean with name customUserDetailsService
2025-04-12T06:19:09.228Z  WARN 32382 --- [ecommerceApp] [           main] JpaBaseConfiguration$JpaWebConfiguration : spring.jpa.open-in-view is enabled by default. Therefore, database queries may be performed during view rendering. Explicitly configure spring.jpa.open-in-view to disable this warning
2025-04-12T06:19:09.438Z  INFO 32382 --- [ecommerceApp] [           main] o.s.s.web.DefaultSecurityFilterChain     : Will secure any request with [org.springframework.security.web.session.DisableEncodeUrlFilter@375dc95c, org.springframework.security.web.context.request.async.WebAsyncManagerIntegrationFilter@33ef701e, org.springframework.security.web.context.SecurityContextHolderFilter@51a42767, org.springframework.security.web.header.HeaderWriterFilter@7fd8f21, org.springframework.web.filter.CorsFilter@1fd1deed, org.springframework.security.web.authentication.logout.LogoutFilter@6d985720, com.yourapp.ecommerce.security.JwtRequestFilter@5cef5fc9, org.springframework.security.web.savedrequest.RequestCacheAwareFilter@7eaa52d6, org.springframework.security.web.servletapi.SecurityContextHolderAwareRequestFilter@57f8a3cf, org.springframework.security.web.authentication.AnonymousAuthenticationFilter@814b60b, org.springframework.security.web.session.SessionManagementFilter@3725471, org.springframework.security.web.access.ExceptionTranslationFilter@41843b88, org.springframework.security.web.access.intercept.AuthorizationFilter@7cff1930]
2025-04-12T06:19:09.669Z  INFO 32382 --- [ecommerceApp] [           main] o.s.b.w.embedded.tomcat.TomcatWebServer  : Tomcat started on port 8080 (http) with context path '/'
2025-04-12T06:19:09.676Z  INFO 32382 --- [ecommerceApp] [           main] c.y.ecommerce.EcommerceAppApplication    : Started EcommerceAppApplication in 4.122 seconds (process running for 4.382)
2025-04-12T06:19:40.214Z  INFO 32382 --- [ecommerceApp] [nio-8080-exec-1] o.a.c.c.C.[Tomcat].[localhost].[/]       : Initializing Spring DispatcherServlet 'dispatcherServlet'
2025-04-12T06:19:40.214Z  INFO 32382 --- [ecommerceApp] [nio-8080-exec-1] o.s.web.servlet.DispatcherServlet        : Initializing Servlet 'dispatcherServlet'
2025-04-12T06:19:40.215Z  INFO 32382 --- [ecommerceApp] [nio-8080-exec-1] o.s.web.servlet.DispatcherServlet        : Completed initialization in 1 ms
Hibernate: select u1_0.id,u1_0.email,u1_0.password,u1_0.roles,u1_0.username from users u1_0 where u1_0.email=?
2025-04-12T06:19:40.510Z  WARN 32382 --- [ecommerceApp] [nio-8080-exec-1] c.y.ecommerce.controller.AuthController  : Login attempt failed for email user@example.com: Bad credentials
Hibernate: select u1_0.id,u1_0.email,u1_0.password,u1_0.roles,u1_0.username from users u1_0 where u1_0.email=?
2025-04-12T06:19:47.614Z  WARN 32382 --- [ecommerceApp] [nio-8080-exec-2] c.y.ecommerce.controller.AuthController  : Login attempt failed for email admin@example.com: Bad credentials
Hibernate: select p1_0.id,p1_0.category_id,p1_0.created_at,p1_0.description,p1_0.name,p1_0.price,p1_0.stock_quantity,p1_0.updated_at from products p1_0 offset ? rows fetch first ? rows only
2025-04-12T06:19:55.928Z  WARN 32382 --- [ecommerceApp] [nio-8080-exec-3] PageModule$PlainPageSerializationWarning : Serializing PageImpl instances as-is is not supported, meaning that there is no guarantee about the stability of the resulting JSON structure!
	For a stable JSON structure, please use Spring Data's PagedModel (globally via @EnableSpringDataWebSupport(pageSerializationMode = VIA_DTO))
	or Spring HATEOAS and Spring Data's PagedResourcesAssembler as documented in https://docs.spring.io/spring-data/commons/reference/repositories/core-extensions.html#core.web.pageables.

Hibernate: select p1_0.id,c1_0.id,c1_0.name,p1_0.created_at,p1_0.description,p1_0.name,p1_0.price,p1_0.stock_quantity,p1_0.updated_at from products p1_0 join categories c1_0 on c1_0.id=p1_0.category_id where p1_0.id=?
Hibernate: select p1_0.id,c1_0.id,c1_0.name,p1_0.created_at,p1_0.description,p1_0.name,p1_0.price,p1_0.stock_quantity,p1_0.updated_at from products p1_0 join categories c1_0 on c1_0.id=p1_0.category_id where p1_0.id=?
Hibernate: select p1_0.id,c1_0.id,c1_0.name,p1_0.created_at,p1_0.description,p1_0.name,p1_0.price,p1_0.stock_quantity,p1_0.updated_at from products p1_0 join categories c1_0 on c1_0.id=p1_0.category_id where p1_0.id=?
2025-04-12T06:35:43.655Z  INFO 32382 --- [ecommerceApp] [ionShutdownHook] j.LocalContainerEntityManagerFactoryBean : Closing JPA EntityManagerFactory for persistence unit 'default'
2025-04-12T06:35:43.659Z  INFO 32382 --- [ecommerceApp] [ionShutdownHook] com.zaxxer.hikari.HikariDataSource       : HikariPool-1 - Shutdown initiated...
2025-04-12T06:35:43.664Z  INFO 32382 --- [ecommerceApp] [ionShutdownHook] com.zaxxer.hikari.HikariDataSource       : HikariPool-1 - Shutdown completed.
[INFO] ------------------------------------------------------------------------
[INFO] BUILD FAILURE
[INFO] ------------------------------------------------------------------------
[INFO] Total time:  16:39 min
[INFO] Finished at: 2025-04-12T06:35:43Z
[INFO] ------------------------------------------------------------------------
[ERROR] Failed to execute goal org.springframework.boot:spring-boot-maven-plugin:3.3.0:run (default-cli) on project ecommerceApi: Process terminated with exit code: 143 -> [Help 1]
[ERROR] 
[ERROR] To see the full stack trace of the errors, re-run Maven with the -e switch.
[ERROR] Re-run Maven using the -X switch to enable full debug logging.
[ERROR] 
[ERROR] For more information about the errors and possible solutions, please read the following articles:
[ERROR] [Help 1] http://cwiki.apache.org/confluence/display/MAVEN/MojoExecutionException
[INFO] Scanning for projects...
[INFO] 
[INFO] -----------------< com.yourapp.ecommerce:ecommerceApi >-----------------
[INFO] Building ecommerceApp 0.0.1-SNAPSHOT
[INFO]   from pom.xml
[INFO] --------------------------------[ jar ]---------------------------------
[INFO] 
[INFO] >>> spring-boot:3.3.0:run (default-cli) > test-compile @ ecommerceApi >>>
[INFO] 
[INFO] --- resources:3.3.1:resources (default-resources) @ ecommerceApi ---
[INFO] Copying 1 resource from src/main/resources to target/classes
[INFO] Copying 0 resource from src/main/resources to target/classes
[INFO] 
[INFO] --- compiler:3.13.0:compile (default-compile) @ ecommerceApi ---
[INFO] Nothing to compile - all classes are up to date.
[INFO] 
[INFO] --- resources:3.3.1:testResources (default-testResources) @ ecommerceApi ---
[INFO] skip non existing resourceDirectory /home/prashant_dhruw/Workspace/src/test/resources
[INFO] 
[INFO] --- compiler:3.13.0:testCompile (default-testCompile) @ ecommerceApi ---
[INFO] Nothing to compile - all classes are up to date.
[INFO] 
[INFO] <<< spring-boot:3.3.0:run (default-cli) < test-compile @ ecommerceApi <<<
[INFO] 
[INFO] 
[INFO] --- spring-boot:3.3.0:run (default-cli) @ ecommerceApi ---
[INFO] Attaching agents: []
  .   ____          _            __ _ _
 /\\ / ___'_ __ _ _(_)_ __  __ _ \ \ \ \
( ( )\___ | '_ | '_| | '_ \/ _` | \ \ \ \
 \\/  ___)| |_)| | | | | || (_| |  ) ) ) )
  '  |____| .__|_| |_|_| |_\__, | / / / /
 =========|_|==============|___/=/_/_/_/

 :: Spring Boot ::                (v3.3.0)

2025-04-12T09:23:16.295Z  INFO 79121 --- [ecommerceApp] [           main] c.y.ecommerce.EcommerceAppApplication    : Starting EcommerceAppApplication using Java 21.0.6 with PID 79121 (/home/prashant_dhruw/Workspace/target/classes started by prashant_dhruw in /home/prashant_dhruw/Workspace)
2025-04-12T09:23:16.297Z  INFO 79121 --- [ecommerceApp] [           main] c.y.ecommerce.EcommerceAppApplication    : No active profile set, falling back to 1 default profile: "default"
2025-04-12T09:23:16.707Z  INFO 79121 --- [ecommerceApp] [           main] .s.d.r.c.RepositoryConfigurationDelegate : Bootstrapping Spring Data JPA repositories in DEFAULT mode.
2025-04-12T09:23:16.748Z  INFO 79121 --- [ecommerceApp] [           main] .s.d.r.c.RepositoryConfigurationDelegate : Finished Spring Data repository scanning in 37 ms. Found 7 JPA repository interfaces.
2025-04-12T09:23:17.025Z  INFO 79121 --- [ecommerceApp] [           main] o.s.b.w.embedded.tomcat.TomcatWebServer  : Tomcat initialized with port 8080 (http)
2025-04-12T09:23:17.033Z  INFO 79121 --- [ecommerceApp] [           main] o.apache.catalina.core.StandardService   : Starting service [Tomcat]
2025-04-12T09:23:17.033Z  INFO 79121 --- [ecommerceApp] [           main] o.apache.catalina.core.StandardEngine    : Starting Servlet engine: [Apache Tomcat/10.1.24]
2025-04-12T09:23:17.059Z  INFO 79121 --- [ecommerceApp] [           main] o.a.c.c.C.[Tomcat].[localhost].[/]       : Initializing Spring embedded WebApplicationContext
2025-04-12T09:23:17.060Z  INFO 79121 --- [ecommerceApp] [           main] w.s.c.ServletWebServerApplicationContext : Root WebApplicationContext: initialization completed in 740 ms
2025-04-12T09:23:17.129Z  INFO 79121 --- [ecommerceApp] [           main] o.hibernate.jpa.internal.util.LogHelper  : HHH000204: Processing PersistenceUnitInfo [name: default]
2025-04-12T09:23:17.149Z  INFO 79121 --- [ecommerceApp] [           main] org.hibernate.Version                    : HHH000412: Hibernate ORM core version 6.5.2.Final
2025-04-12T09:23:17.161Z  INFO 79121 --- [ecommerceApp] [           main] o.h.c.internal.RegionFactoryInitiator    : HHH000026: Second-level cache disabled
2025-04-12T09:23:17.282Z  INFO 79121 --- [ecommerceApp] [           main] o.s.o.j.p.SpringPersistenceUnitInfo      : No LoadTimeWeaver setup: ignoring JPA class transformer
2025-04-12T09:23:17.293Z  INFO 79121 --- [ecommerceApp] [           main] com.zaxxer.hikari.HikariDataSource       : HikariPool-1 - Starting...
2025-04-12T09:23:17.475Z  INFO 79121 --- [ecommerceApp] [           main] com.zaxxer.hikari.pool.HikariPool        : HikariPool-1 - Added connection org.postgresql.jdbc.PgConnection@646e6d07
2025-04-12T09:23:17.476Z  INFO 79121 --- [ecommerceApp] [           main] com.zaxxer.hikari.HikariDataSource       : HikariPool-1 - Start completed.
2025-04-12T09:23:17.491Z  WARN 79121 --- [ecommerceApp] [           main] org.hibernate.orm.deprecation            : HHH90000025: PostgreSQLDialect does not need to be specified explicitly using 'hibernate.dialect' (remove the property setting and it will be selected by default)
2025-04-12T09:23:18.009Z  INFO 79121 --- [ecommerceApp] [           main] o.h.e.t.j.p.i.JtaPlatformInitiator       : HHH000489: No JTA platform available (set 'hibernate.transaction.jta.platform' to enable JTA platform integration)
2025-04-12T09:23:18.087Z  INFO 79121 --- [ecommerceApp] [           main] j.LocalContainerEntityManagerFactoryBean : Initialized JPA EntityManagerFactory for persistence unit 'default'
2025-04-12T09:23:18.289Z  INFO 79121 --- [ecommerceApp] [           main] o.s.d.j.r.query.QueryEnhancerFactory     : Hibernate is in classpath; If applicable, HQL parser will be used.
2025-04-12T09:23:18.529Z  INFO 79121 --- [ecommerceApp] [           main] r$InitializeUserDetailsManagerConfigurer : Global AuthenticationManager configured with UserDetailsService bean with name customUserDetailsService
2025-04-12T09:23:18.586Z  WARN 79121 --- [ecommerceApp] [           main] JpaBaseConfiguration$JpaWebConfiguration : spring.jpa.open-in-view is enabled by default. Therefore, database queries may be performed during view rendering. Explicitly configure spring.jpa.open-in-view to disable this warning
2025-04-12T09:23:18.725Z  INFO 79121 --- [ecommerceApp] [           main] o.s.s.web.DefaultSecurityFilterChain     : Will secure any request with [org.springframework.security.web.session.DisableEncodeUrlFilter@375dc95c, org.springframework.security.web.context.request.async.WebAsyncManagerIntegrationFilter@33ef701e, org.springframework.security.web.context.SecurityContextHolderFilter@51a42767, org.springframework.security.web.header.HeaderWriterFilter@7fd8f21, org.springframework.web.filter.CorsFilter@1fd1deed, org.springframework.security.web.authentication.logout.LogoutFilter@6d985720, com.yourapp.ecommerce.security.JwtRequestFilter@5cef5fc9, org.springframework.security.web.savedrequest.RequestCacheAwareFilter@7eaa52d6, org.springframework.security.web.servletapi.SecurityContextHolderAwareRequestFilter@57f8a3cf, org.springframework.security.web.authentication.AnonymousAuthenticationFilter@814b60b, org.springframework.security.web.session.SessionManagementFilter@3725471, org.springframework.security.web.access.ExceptionTranslationFilter@41843b88, org.springframework.security.web.access.intercept.AuthorizationFilter@7cff1930]
2025-04-12T09:23:18.885Z  INFO 79121 --- [ecommerceApp] [           main] o.s.b.w.embedded.tomcat.TomcatWebServer  : Tomcat started on port 8080 (http) with context path '/'
2025-04-12T09:23:18.891Z  INFO 79121 --- [ecommerceApp] [           main] c.y.ecommerce.EcommerceAppApplication    : Started EcommerceAppApplication in -1.55 seconds (process running for 2.951)
2025-04-12T09:24:27.194Z  INFO 79121 --- [ecommerceApp] [nio-8080-exec-1] o.a.c.c.C.[Tomcat].[localhost].[/]       : Initializing Spring DispatcherServlet 'dispatcherServlet'
2025-04-12T09:24:27.195Z  INFO 79121 --- [ecommerceApp] [nio-8080-exec-1] o.s.web.servlet.DispatcherServlet        : Initializing Servlet 'dispatcherServlet'
2025-04-12T09:24:27.196Z  INFO 79121 --- [ecommerceApp] [nio-8080-exec-1] o.s.web.servlet.DispatcherServlet        : Completed initialization in 1 ms
Hibernate: select u1_0.id,u1_0.email,u1_0.password,u1_0.roles,u1_0.username from users u1_0 where u1_0.email=?
Hibernate: select u1_0.id,u1_0.email,u1_0.password,u1_0.roles,u1_0.username from users u1_0 where u1_0.email=?
Hibernate: select u1_0.id,u1_0.email,u1_0.password,u1_0.roles,u1_0.username from users u1_0 where u1_0.email=?
2025-04-12T09:37:39.912Z  INFO 79121 --- [ecommerceApp] [nio-8080-exec-4] c.y.ecommerce.service.ProductService     : Creating product with name: Wireless Mouse
Hibernate: select c1_0.id,c1_0.name from categories c1_0 where c1_0.id=?
Hibernate: select u1_0.id,u1_0.email,u1_0.password,u1_0.roles,u1_0.username from users u1_0 where u1_0.email=?
2025-04-12T09:37:50.666Z  INFO 79121 --- [ecommerceApp] [nio-8080-exec-5] c.y.ecommerce.service.ProductService     : Creating product with name: 27-inch Monitor
Hibernate: select c1_0.id,c1_0.name from categories c1_0 where c1_0.id=?
Hibernate: select u1_0.id,u1_0.email,u1_0.password,u1_0.roles,u1_0.username from users u1_0 where u1_0.email=?
2025-04-12T09:37:57.888Z  INFO 79121 --- [ecommerceApp] [nio-8080-exec-6] c.y.ecommerce.service.ProductService     : Creating product with name: Bluetooth Headphones
Hibernate: select c1_0.id,c1_0.name from categories c1_0 where c1_0.id=?
Hibernate: select u1_0.id,u1_0.email,u1_0.password,u1_0.roles,u1_0.username from users u1_0 where u1_0.email=?
2025-04-12T09:38:02.798Z  INFO 79121 --- [ecommerceApp] [nio-8080-exec-7] c.y.ecommerce.service.ProductService     : Creating product with name: Ultrabook Laptop
Hibernate: select c1_0.id,c1_0.name from categories c1_0 where c1_0.id=?
Hibernate: select u1_0.id,u1_0.email,u1_0.password,u1_0.roles,u1_0.username from users u1_0 where u1_0.email=?
[INFO] Scanning for projects...
[INFO] 
[INFO] -----------------< com.yourapp.ecommerce:ecommerceApi >-----------------
[INFO] Building ecommerceApp 0.0.1-SNAPSHOT
[INFO]   from pom.xml
[INFO] --------------------------------[ jar ]---------------------------------
[INFO] 
[INFO] --- spring-boot:3.3.0:stop (default-cli) @ ecommerceApi ---
[INFO] Stopping application...
[INFO] ------------------------------------------------------------------------
[INFO] BUILD SUCCESS
[INFO] ------------------------------------------------------------------------
[INFO] Total time:  0.597 s
[INFO] Finished at: 2025-04-12T09:47:00Z
[INFO] ------------------------------------------------------------------------
[INFO] Scanning for projects...
[INFO] 
[INFO] -----------------< com.yourapp.ecommerce:ecommerceApi >-----------------
[INFO] Building ecommerceApp 0.0.1-SNAPSHOT
[INFO]   from pom.xml
[INFO] --------------------------------[ jar ]---------------------------------
[INFO] 
[INFO] --- spring-boot:3.3.0:start (default-cli) @ ecommerceApi ---
[INFO] Attaching agents: []
  .   ____          _            __ _ _
 /\\ / ___'_ __ _ _(_)_ __  __ _ \ \ \ \
( ( )\___ | '_ | '_| | '_ \/ _` | \ \ \ \
 \\/  ___)| |_)| | | | | || (_| |  ) ) ) )
  '  |____| .__|_| |_|_| |_\__, | / / / /
 =========|_|==============|___/=/_/_/_/

 :: Spring Boot ::                (v3.3.0)

2025-04-12T09:47:56.948Z  INFO 92259 --- [ecommerceApp] [           main] c.y.ecommerce.EcommerceAppApplication    : Starting EcommerceAppApplication using Java 21.0.6 with PID 92259 (/home/prashant_dhruw/Workspace/target/classes started by prashant_dhruw in /home/prashant_dhruw/Workspace)
2025-04-12T09:47:56.950Z  INFO 92259 --- [ecommerceApp] [           main] c.y.ecommerce.EcommerceAppApplication    : No active profile set, falling back to 1 default profile: "default"
2025-04-12T09:47:57.634Z  INFO 92259 --- [ecommerceApp] [           main] .s.d.r.c.RepositoryConfigurationDelegate : Bootstrapping Spring Data JPA repositories in DEFAULT mode.
2025-04-12T09:47:57.682Z  INFO 92259 --- [ecommerceApp] [           main] .s.d.r.c.RepositoryConfigurationDelegate : Finished Spring Data repository scanning in 42 ms. Found 7 JPA repository interfaces.
2025-04-12T09:47:58.132Z  INFO 92259 --- [ecommerceApp] [           main] o.s.b.w.embedded.tomcat.TomcatWebServer  : Tomcat initialized with port 8080 (http)
2025-04-12T09:47:58.143Z  INFO 92259 --- [ecommerceApp] [           main] o.apache.catalina.core.StandardService   : Starting service [Tomcat]
2025-04-12T09:47:58.143Z  INFO 92259 --- [ecommerceApp] [           main] o.apache.catalina.core.StandardEngine    : Starting Servlet engine: [Apache Tomcat/10.1.24]
2025-04-12T09:47:58.193Z  INFO 92259 --- [ecommerceApp] [           main] o.a.c.c.C.[Tomcat].[localhost].[/]       : Initializing Spring embedded WebApplicationContext
2025-04-12T09:47:58.193Z  INFO 92259 --- [ecommerceApp] [           main] w.s.c.ServletWebServerApplicationContext : Root WebApplicationContext: initialization completed in 1207 ms
2025-04-12T09:47:58.330Z  INFO 92259 --- [ecommerceApp] [           main] o.hibernate.jpa.internal.util.LogHelper  : HHH000204: Processing PersistenceUnitInfo [name: default]
2025-04-12T09:47:58.389Z  INFO 92259 --- [ecommerceApp] [           main] org.hibernate.Version                    : HHH000412: Hibernate ORM core version 6.5.2.Final
2025-04-12T09:47:58.416Z  INFO 92259 --- [ecommerceApp] [           main] o.h.c.internal.RegionFactoryInitiator    : HHH000026: Second-level cache disabled
2025-04-12T09:47:58.655Z  INFO 92259 --- [ecommerceApp] [           main] o.s.o.j.p.SpringPersistenceUnitInfo      : No LoadTimeWeaver setup: ignoring JPA class transformer
2025-04-12T09:47:58.674Z  INFO 92259 --- [ecommerceApp] [           main] com.zaxxer.hikari.HikariDataSource       : HikariPool-1 - Starting...
2025-04-12T09:47:58.899Z  INFO 92259 --- [ecommerceApp] [           main] com.zaxxer.hikari.pool.HikariPool        : HikariPool-1 - Added connection org.postgresql.jdbc.PgConnection@1e258d3b
2025-04-12T09:47:58.901Z  INFO 92259 --- [ecommerceApp] [           main] com.zaxxer.hikari.HikariDataSource       : HikariPool-1 - Start completed.
2025-04-12T09:47:58.925Z  WARN 92259 --- [ecommerceApp] [           main] org.hibernate.orm.deprecation            : HHH90000025: PostgreSQLDialect does not need to be specified explicitly using 'hibernate.dialect' (remove the property setting and it will be selected by default)
2025-04-12T09:47:59.649Z  INFO 92259 --- [ecommerceApp] [           main] o.h.e.t.j.p.i.JtaPlatformInitiator       : HHH000489: No JTA platform available (set 'hibernate.transaction.jta.platform' to enable JTA platform integration)
2025-04-12T09:47:59.734Z  INFO 92259 --- [ecommerceApp] [           main] j.LocalContainerEntityManagerFactoryBean : Initialized JPA EntityManagerFactory for persistence unit 'default'
2025-04-12T09:48:00.057Z  INFO 92259 --- [ecommerceApp] [           main] o.s.d.j.r.query.QueryEnhancerFactory     : Hibernate is in classpath; If applicable, HQL parser will be used.
2025-04-12T09:48:00.383Z  INFO 92259 --- [ecommerceApp] [           main] r$InitializeUserDetailsManagerConfigurer : Global AuthenticationManager configured with UserDetailsService bean with name customUserDetailsService
2025-04-12T09:48:00.490Z  WARN 92259 --- [ecommerceApp] [           main] JpaBaseConfiguration$JpaWebConfiguration : spring.jpa.open-in-view is enabled by default. Therefore, database queries may be performed during view rendering. Explicitly configure spring.jpa.open-in-view to disable this warning
2025-04-12T09:48:00.719Z  INFO 92259 --- [ecommerceApp] [           main] o.s.s.web.DefaultSecurityFilterChain     : Will secure any request with [org.springframework.security.web.session.DisableEncodeUrlFilter@133e7789, org.springframework.security.web.context.request.async.WebAsyncManagerIntegrationFilter@62f47cac, org.springframework.security.web.context.SecurityContextHolderFilter@30bd925c, org.springframework.security.web.header.HeaderWriterFilter@296c0293, org.springframework.web.filter.CorsFilter@7845f53d, org.springframework.security.web.authentication.logout.LogoutFilter@69e3caa1, com.yourapp.ecommerce.security.JwtRequestFilter@761ea1f5, org.springframework.security.web.savedrequest.RequestCacheAwareFilter@49a2e86e, org.springframework.security.web.servletapi.SecurityContextHolderAwareRequestFilter@37eca4c0, org.springframework.security.web.authentication.AnonymousAuthenticationFilter@4a6c3720, org.springframework.security.web.session.SessionManagementFilter@699794d, org.springframework.security.web.access.ExceptionTranslationFilter@6ae247b7, org.springframework.security.web.access.intercept.AuthorizationFilter@30282260]
2025-04-12T09:48:00.989Z  WARN 92259 --- [ecommerceApp] [           main] ConfigServletWebServerApplicationContext : Exception encountered during context initialization - cancelling refresh attempt: org.springframework.context.ApplicationContextException: Failed to start bean 'webServerStartStop'
2025-04-12T09:48:00.992Z  INFO 92259 --- [ecommerceApp] [           main] j.LocalContainerEntityManagerFactoryBean : Closing JPA EntityManagerFactory for persistence unit 'default'
2025-04-12T09:48:00.994Z  INFO 92259 --- [ecommerceApp] [           main] com.zaxxer.hikari.HikariDataSource       : HikariPool-1 - Shutdown initiated...
2025-04-12T09:48:00.999Z  INFO 92259 --- [ecommerceApp] [           main] com.zaxxer.hikari.HikariDataSource       : HikariPool-1 - Shutdown completed.
2025-04-12T09:48:01.011Z  INFO 92259 --- [ecommerceApp] [           main] .s.b.a.l.ConditionEvaluationReportLogger : 

Error starting ApplicationContext. To display the condition evaluation report re-run your application with 'debug' enabled.
2025-04-12T09:48:01.024Z ERROR 92259 --- [ecommerceApp] [           main] o.s.b.d.LoggingFailureAnalysisReporter   : 

***************************
APPLICATION FAILED TO START
***************************

Description:

Web server failed to start. Port 8080 was already in use.

Action:

Identify and stop the process that's listening on port 8080 or configure this application to listen on another port.

[INFO] ------------------------------------------------------------------------
[INFO] BUILD FAILURE
[INFO] ------------------------------------------------------------------------
[INFO] Total time:  6.047 s
[INFO] Finished at: 2025-04-12T09:48:01Z
[INFO] ------------------------------------------------------------------------
[ERROR] Failed to execute goal org.springframework.boot:spring-boot-maven-plugin:3.3.0:start (default-cli) on project ecommerceApi: Failed to connect to MBean server at port 9001: Could not invoke shutdown operation: Connection refused to host: 127.0.0.1; nested exception is: 
[ERROR] 	java.net.ConnectException: Connection refused
[ERROR] -> [Help 1]
[ERROR] 
[ERROR] To see the full stack trace of the errors, re-run Maven with the -e switch.
[ERROR] Re-run Maven using the -X switch to enable full debug logging.
[ERROR] 
[ERROR] For more information about the errors and possible solutions, please read the following articles:
[ERROR] [Help 1] http://cwiki.apache.org/confluence/display/MAVEN/MojoExecutionException
[INFO] ------------------------------------------------------------------------
[INFO] BUILD FAILURE
[INFO] ------------------------------------------------------------------------
[INFO] Total time:  25:39 min
[INFO] Finished at: 2025-04-12T09:48:58Z
[INFO] ------------------------------------------------------------------------
[ERROR] Failed to execute goal org.springframework.boot:spring-boot-maven-plugin:3.3.0:run (default-cli) on project ecommerceApi: Process terminated with exit code: 137 -> [Help 1]
[ERROR] 
[ERROR] To see the full stack trace of the errors, re-run Maven with the -e switch.
[ERROR] Re-run Maven using the -X switch to enable full debug logging.
[ERROR] 
[ERROR] For more information about the errors and possible solutions, please read the following articles:
[ERROR] [Help 1] http://cwiki.apache.org/confluence/display/MAVEN/MojoExecutionException
[INFO] Scanning for projects...
[INFO] 
[INFO] -----------------< com.yourapp.ecommerce:ecommerceApi >-----------------
[INFO] Building ecommerceApp 0.0.1-SNAPSHOT
[INFO]   from pom.xml
[INFO] --------------------------------[ jar ]---------------------------------
[INFO] 
[INFO] --- spring-boot:3.3.0:start (default-cli) @ ecommerceApi ---
[INFO] Attaching agents: []
  .   ____          _            __ _ _
 /\\ / ___'_ __ _ _(_)_ __  __ _ \ \ \ \
( ( )\___ | '_ | '_| | '_ \/ _` | \ \ \ \
 \\/  ___)| |_)| | | | | || (_| |  ) ) ) )
  '  |____| .__|_| |_|_| |_\__, | / / / /
 =========|_|==============|___/=/_/_/_/

 :: Spring Boot ::                (v3.3.0)

2025-04-12T09:49:30.002Z  INFO 93648 --- [ecommerceApp] [           main] c.y.ecommerce.EcommerceAppApplication    : Starting EcommerceAppApplication using Java 21.0.6 with PID 93648 (/home/prashant_dhruw/Workspace/target/classes started by prashant_dhruw in /home/prashant_dhruw/Workspace)
2025-04-12T09:49:30.004Z  INFO 93648 --- [ecommerceApp] [           main] c.y.ecommerce.EcommerceAppApplication    : No active profile set, falling back to 1 default profile: "default"
2025-04-12T09:49:30.633Z  INFO 93648 --- [ecommerceApp] [           main] .s.d.r.c.RepositoryConfigurationDelegate : Bootstrapping Spring Data JPA repositories in DEFAULT mode.
2025-04-12T09:49:30.677Z  INFO 93648 --- [ecommerceApp] [           main] .s.d.r.c.RepositoryConfigurationDelegate : Finished Spring Data repository scanning in 40 ms. Found 7 JPA repository interfaces.
2025-04-12T09:49:31.084Z  INFO 93648 --- [ecommerceApp] [           main] o.s.b.w.embedded.tomcat.TomcatWebServer  : Tomcat initialized with port 8080 (http)
2025-04-12T09:49:31.093Z  INFO 93648 --- [ecommerceApp] [           main] o.apache.catalina.core.StandardService   : Starting service [Tomcat]
2025-04-12T09:49:31.094Z  INFO 93648 --- [ecommerceApp] [           main] o.apache.catalina.core.StandardEngine    : Starting Servlet engine: [Apache Tomcat/10.1.24]
2025-04-12T09:49:31.143Z  INFO 93648 --- [ecommerceApp] [           main] o.a.c.c.C.[Tomcat].[localhost].[/]       : Initializing Spring embedded WebApplicationContext
2025-04-12T09:49:31.143Z  INFO 93648 --- [ecommerceApp] [           main] w.s.c.ServletWebServerApplicationContext : Root WebApplicationContext: initialization completed in 1110 ms
2025-04-12T09:49:31.259Z  INFO 93648 --- [ecommerceApp] [           main] o.hibernate.jpa.internal.util.LogHelper  : HHH000204: Processing PersistenceUnitInfo [name: default]
2025-04-12T09:49:31.290Z  INFO 93648 --- [ecommerceApp] [           main] org.hibernate.Version                    : HHH000412: Hibernate ORM core version 6.5.2.Final
2025-04-12T09:49:31.307Z  INFO 93648 --- [ecommerceApp] [           main] o.h.c.internal.RegionFactoryInitiator    : HHH000026: Second-level cache disabled
2025-04-12T09:49:31.464Z  INFO 93648 --- [ecommerceApp] [           main] o.s.o.j.p.SpringPersistenceUnitInfo      : No LoadTimeWeaver setup: ignoring JPA class transformer
2025-04-12T09:49:31.477Z  INFO 93648 --- [ecommerceApp] [           main] com.zaxxer.hikari.HikariDataSource       : HikariPool-1 - Starting...
2025-04-12T09:49:31.690Z  INFO 93648 --- [ecommerceApp] [           main] com.zaxxer.hikari.pool.HikariPool        : HikariPool-1 - Added connection org.postgresql.jdbc.PgConnection@77eb607e
2025-04-12T09:49:31.692Z  INFO 93648 --- [ecommerceApp] [           main] com.zaxxer.hikari.HikariDataSource       : HikariPool-1 - Start completed.
2025-04-12T09:49:31.716Z  WARN 93648 --- [ecommerceApp] [           main] org.hibernate.orm.deprecation            : HHH90000025: PostgreSQLDialect does not need to be specified explicitly using 'hibernate.dialect' (remove the property setting and it will be selected by default)
2025-04-12T09:49:32.416Z  INFO 93648 --- [ecommerceApp] [           main] o.h.e.t.j.p.i.JtaPlatformInitiator       : HHH000489: No JTA platform available (set 'hibernate.transaction.jta.platform' to enable JTA platform integration)
2025-04-12T09:49:32.511Z  INFO 93648 --- [ecommerceApp] [           main] j.LocalContainerEntityManagerFactoryBean : Initialized JPA EntityManagerFactory for persistence unit 'default'
2025-04-12T09:49:32.815Z  INFO 93648 --- [ecommerceApp] [           main] o.s.d.j.r.query.QueryEnhancerFactory     : Hibernate is in classpath; If applicable, HQL parser will be used.
2025-04-12T09:49:33.117Z  INFO 93648 --- [ecommerceApp] [           main] r$InitializeUserDetailsManagerConfigurer : Global AuthenticationManager configured with UserDetailsService bean with name customUserDetailsService
2025-04-12T09:49:33.213Z  WARN 93648 --- [ecommerceApp] [           main] JpaBaseConfiguration$JpaWebConfiguration : spring.jpa.open-in-view is enabled by default. Therefore, database queries may be performed during view rendering. Explicitly configure spring.jpa.open-in-view to disable this warning
2025-04-12T09:49:33.433Z  INFO 93648 --- [ecommerceApp] [           main] o.s.s.web.DefaultSecurityFilterChain     : Will secure any request with [org.springframework.security.web.session.DisableEncodeUrlFilter@133e7789, org.springframework.security.web.context.request.async.WebAsyncManagerIntegrationFilter@62f47cac, org.springframework.security.web.context.SecurityContextHolderFilter@30bd925c, org.springframework.security.web.header.HeaderWriterFilter@296c0293, org.springframework.web.filter.CorsFilter@7845f53d, org.springframework.security.web.authentication.logout.LogoutFilter@69e3caa1, com.yourapp.ecommerce.security.JwtRequestFilter@5bb45afc, org.springframework.security.web.savedrequest.RequestCacheAwareFilter@49a2e86e, org.springframework.security.web.servletapi.SecurityContextHolderAwareRequestFilter@37eca4c0, org.springframework.security.web.authentication.AnonymousAuthenticationFilter@4a6c3720, org.springframework.security.web.session.SessionManagementFilter@699794d, org.springframework.security.web.access.ExceptionTranslationFilter@6ae247b7, org.springframework.security.web.access.intercept.AuthorizationFilter@30282260]
2025-04-12T09:49:33.689Z  INFO 93648 --- [ecommerceApp] [           main] o.s.b.w.embedded.tomcat.TomcatWebServer  : Tomcat started on port 8080 (http) with context path '/'
2025-04-12T09:49:33.697Z  INFO 93648 --- [ecommerceApp] [           main] c.y.ecommerce.EcommerceAppApplication    : Started EcommerceAppApplication in 3.961 seconds (process running for 4.335)
[INFO] ------------------------------------------------------------------------
[INFO] BUILD SUCCESS
[INFO] ------------------------------------------------------------------------
[INFO] Total time:  5.442 s
[INFO] Finished at: 2025-04-12T09:49:34Z
[INFO] ------------------------------------------------------------------------
2025-04-12T09:49:57.605Z  INFO 93648 --- [ecommerceApp] [nio-8080-exec-1] o.a.c.c.C.[Tomcat].[localhost].[/]       : Initializing Spring DispatcherServlet 'dispatcherServlet'
2025-04-12T09:49:57.605Z  INFO 93648 --- [ecommerceApp] [nio-8080-exec-1] o.s.web.servlet.DispatcherServlet        : Initializing Servlet 'dispatcherServlet'
2025-04-12T09:49:57.606Z  INFO 93648 --- [ecommerceApp] [nio-8080-exec-1] o.s.web.servlet.DispatcherServlet        : Completed initialization in 1 ms
Hibernate: select u1_0.id,u1_0.email,u1_0.password,u1_0.roles,u1_0.username from users u1_0 where u1_0.email=?
Hibernate: select u1_0.id,u1_0.email,u1_0.password,u1_0.roles,u1_0.username from users u1_0 where u1_0.email=?
Hibernate: select u1_0.id,u1_0.email,u1_0.password,u1_0.roles,u1_0.username from users u1_0 where u1_0.email=?
Hibernate: insert into categories (name) values (?) returning id
